<?xml version="1.0" encoding="UTF-8"?>
<testsuite name="TestStage4" tests="1" skipped="0" failures="0" errors="0" timestamp="2023-04-18T16:06:15" hostname="Jessies-iMac.local" time="0.318">
  <properties/>
  <testcase name="start" classname="TestStage4" time="0.318"/>
  <system-out><![CDATA[?[1;31m
Start test 1?[0m
The username is Max.
?[1;31m
Start test 2?[0m
The file 'abc.txt' is tracked.
?[1;31m
Start test 3?[0m
These are SVCS commands:
config 	 Get and set a username.
add 	 Add a file to the index.
log 	 Show commit logs.
commit 	 Save changes.
checkout 	 Restore a file.
These are SVCS commands:
config 	 Get and set a username.
add 	 Add a file to the index.
log 	 Show commit logs.
commit 	 Save changes.
checkout 	 Restore a file.
?[1;31m
Start test 4?[0m
Please, tell me who you are.
The username is Max.
The username is Max.
The username is John.
The username is John.
?[1;31m
Start test 5?[0m
Add a file to the index.
The file 'file989.txt' is tracked.
Tracked files:
file989.txt
The file 'file729.txt' is tracked.
Tracked files:
file989.txt
file729.txt
Can't find 'file612.txt'.
?[1;31m
Start test 6?[0m
The username is Marie956.
The file 'first_file.txt' is tracked.
The file 'second_file.txt' is tracked.
Changes are committed.
?[1;31m
Start test 7?[0m
The username is Anna533.
The file 'first_file.txt' is tracked.
The file 'second_file.txt' is tracked.
No commits yet.
Message was not passed.
Changes are committed.
commit 3a561e1c-5a50-4719-ac2c-eb592734b85a
Author: Anna533
Test message
Nothing to commit.
Changes are committed.
commit 4004a593-a9b3-41b4-8afe-1285d57a0192
Author: Anna533
Test message3
commit 3a561e1c-5a50-4719-ac2c-eb592734b85a
Author: Anna533
Test message
?[1;31m
Start test 8?[0m
The username is Christine531.
The file 'first_file.txt' is tracked.
The file 'second_file.txt' is tracked.
Changes are committed.
Changes are committed.
Commit id was not passed.
Commit does not exist.
commit 9a70d388-c940-432f-b945-3cc378d3e50f
Author: Christine531
Second commit
commit 73dc5755-c873-46a2-87e4-b936760c34f2
Author: Christine531
First commit
Switched to commit 73dc5755-c873-46a2-87e4-b936760c34f2.
?[1;31m
Start test 9?[0m
'wrongArg390' is not a SVCS command.
]]></system-out>
  <system-err><![CDATA[]]></system-err>
</testsuite>
