<?xml version="1.0" encoding="UTF-8"?>
<testsuite name="TestStage3" tests="1" skipped="0" failures="0" errors="0" timestamp="2023-04-17T20:03:46" hostname="Jessies-iMac.local" time="0.264">
  <properties/>
  <testcase name="start" classname="TestStage3" time="0.264"/>
  <system-out><![CDATA[?[1;31m
Start test 1?[0m
The username is Max.
?[1;31m
Start test 2?[0m
The file 'abc.txt' is tracked.
?[1;31m
Start test 3?[0m
These are SVCS commands:
config 	 Get and set a username.
add 	 Add a file to the index.
log 	 Show commit logs.
commit 	 Save changes.
checkout 	 Restore a file.
These are SVCS commands:
config 	 Get and set a username.
add 	 Add a file to the index.
log 	 Show commit logs.
commit 	 Save changes.
checkout 	 Restore a file.
?[1;31m
Start test 4?[0m
Please, tell me who you are.
The username is Max.
The username is Max.
The username is John.
The username is John.
?[1;31m
Start test 5?[0m
Add a file to the index.
The file 'file387.txt' is tracked.
Tracked files:
file387.txt
The file 'file918.txt' is tracked.
Tracked files:
file387.txt
file918.txt
Can't find 'file86.txt'.
?[1;31m
Start test 6?[0m
The username is Anna245.
The file 'first_file.txt' is tracked.
The file 'second_file.txt' is tracked.
Changes are committed.
?[1;31m
Start test 7?[0m
The username is Christine263.
The file 'first_file.txt' is tracked.
The file 'second_file.txt' is tracked.
No commits yet.
Message was not passed.
Changes are committed.
commit f0763f54-8c4d-4fd8-8d98-3fe46ce1a60d
Author: Christine263
Test message
Nothing to commit.
Changes are committed.
commit 2717fa6f-f2eb-4c31-92e0-1115c7d89437
Author: Christine263
Test message3
commit f0763f54-8c4d-4fd8-8d98-3fe46ce1a60d
Author: Christine263
Test message
?[1;31m
Start test 8?[0m
Restore a file.
?[1;31m
Start test 9?[0m
'wrongArg929' is not a SVCS command.
]]></system-out>
  <system-err><![CDATA[]]></system-err>
</testsuite>
